\BOOKMARK [0][-]{Doc-Start}{\376\377\000T\000i\000t\000l\000e}{}% 1
\BOOKMARK [0][-]{section*.1}{\376\377\000D\000e\000c\000l\000a\000r\000a\000t\000i\000o\000n\000\040\000o\000f\000\040\000A\000u\000t\000h\000o\000r\000s\000h\000i\000p}{}% 2
\BOOKMARK [0][-]{section*.2}{\376\377\000A\000b\000s\000t\000r\000a\000c\000t}{}% 3
\BOOKMARK [0][-]{section*.3}{\376\377\000A\000c\000k\000n\000o\000w\000l\000e\000d\000g\000e\000m\000e\000n\000t\000s}{}% 4
\BOOKMARK [0][-]{chapter*.4}{\376\377\000C\000o\000n\000t\000e\000n\000t\000s}{}% 5
\BOOKMARK [0][-]{chapter*.5}{\376\377\000L\000i\000s\000t\000\040\000o\000f\000\040\000F\000i\000g\000u\000r\000e\000s}{}% 6
\BOOKMARK [0][-]{chapter*.6}{\376\377\000L\000i\000s\000t\000\040\000o\000f\000\040\000T\000a\000b\000l\000e\000s}{}% 7
\BOOKMARK [0][-]{chapter*.7}{\376\377\000L\000i\000s\000t\000\040\000o\000f\000\040\000A\000b\000b\000r\000e\000v\000i\000a\000t\000i\000o\000n\000s}{}% 8
\BOOKMARK [0][-]{chapter*.10}{\376\377\000P\000r\000e\000f\000a\000c\000e}{}% 9
\BOOKMARK [0][-]{chapter.15}{\376\377\000I\000n\000c\000e\000p\000t\000i\000o\000n}{}% 10
\BOOKMARK [1][-]{section.16}{\376\377\000V\000i\000s\000i\000o\000n}{chapter.15}% 11
\BOOKMARK [2][-]{subsection.17}{\376\377\000I\000n\000t\000r\000o\000d\000u\000c\000t\000i\000o\000n}{section.16}% 12
\BOOKMARK [3][-]{subsubsection.18}{\376\377\000R\000e\000f\000e\000r\000e\000n\000c\000e}{subsection.17}% 13
\BOOKMARK [2][-]{subsection.19}{\376\377\000P\000o\000s\000i\000t\000i\000o\000n\000i\000n\000g}{section.16}% 14
\BOOKMARK [3][-]{subsubsection.20}{\376\377\000P\000r\000o\000b\000l\000e\000m\000\040\000S\000t\000a\000t\000e\000m\000e\000n\000t}{subsection.19}% 15
\BOOKMARK [3][-]{subsubsection.21}{\376\377\000P\000r\000o\000d\000u\000c\000t\000\040\000P\000o\000s\000i\000t\000i\000o\000n\000\040\000S\000t\000a\000t\000e\000m\000e\000n\000t}{subsection.19}% 16
\BOOKMARK [2][-]{subsection.22}{\376\377\000S\000t\000a\000k\000e\000h\000o\000l\000d\000e\000r\000s\000\040\000a\000n\000d\000\040\000U\000s\000e\000r\000\040\000D\000e\000s\000c\000r\000i\000p\000t\000i\000o\000n\000s}{section.16}% 17
\BOOKMARK [3][-]{subsubsection.23}{\376\377\000S\000t\000a\000k\000e\000\040\000H\000o\000l\000d\000e\000r\000\040\000S\000u\000m\000m\000a\000r\000y}{subsection.22}% 18
\BOOKMARK [3][-]{subsubsection.24}{\376\377\000U\000s\000e\000r\000\040\000S\000u\000m\000m\000a\000r\000y}{subsection.22}% 19
\BOOKMARK [3][-]{subsubsection.25}{\376\377\000U\000s\000e\000r\000\040\000E\000n\000v\000i\000r\000o\000n\000m\000e\000n\000t}{subsection.22}% 20
\BOOKMARK [3][-]{subsubsection.26}{\376\377\000K\000e\000y\000\040\000S\000t\000a\000k\000e\000h\000o\000l\000d\000e\000r\000\040\000o\000r\000\040\000U\000s\000e\000r\000\040\000N\000e\000e\000d\000s}{subsection.22}% 21
\BOOKMARK [3][-]{subsubsection.27}{\376\377\000A\000l\000t\000e\000r\000n\000a\000t\000i\000v\000e\000s\000\040\000a\000n\000d\000\040\000C\000o\000m\000p\000e\000t\000i\000t\000i\000o\000n}{subsection.22}% 22
\BOOKMARK [2][-]{subsection.28}{\376\377\000P\000r\000o\000d\000u\000c\000t\000\040\000O\000v\000e\000r\000v\000i\000e\000w}{section.16}% 23
\BOOKMARK [3][-]{subsubsection.29}{\376\377\000P\000r\000o\000d\000u\000c\000t\000\040\000P\000e\000r\000s\000p\000e\000c\000t\000i\000v\000e}{subsection.28}% 24
\BOOKMARK [3][-]{subsubsection.30}{\376\377\000A\000s\000s\000u\000m\000p\000t\000i\000o\000n\000\040\000a\000n\000d\000\040\000D\000e\000p\000e\000n\000d\000e\000n\000c\000i\000e\000s}{subsection.28}% 25
\BOOKMARK [2][-]{subsection.31}{\376\377\000P\000r\000o\000d\000u\000c\000t\000\040\000F\000e\000a\000t\000u\000r\000e\000s}{section.16}% 26
\BOOKMARK [2][-]{subsection.32}{\376\377\000O\000t\000h\000e\000r\000\040\000P\000r\000o\000d\000u\000c\000t\000\040\000R\000e\000q\000u\000i\000r\000e\000m\000e\000n\000t\000s}{section.16}% 27
\BOOKMARK [1][-]{section.33}{\376\377\000B\000u\000s\000i\000n\000e\000s\000s\000\040\000C\000a\000s\000e}{chapter.15}% 28
\BOOKMARK [2][-]{subsection.34}{\376\377\000R\000a\000t\000i\000o\000n\000a\000l\000e\000\040\000f\000o\000r\000\040\000L\000e\000a\000v\000i\000n\000g\000\040\000O\000u\000t\000\040\000B\000u\000s\000i\000n\000e\000s\000s\000\040\000C\000a\000s\000e}{section.33}% 29
\BOOKMARK [1][-]{section.38}{\376\377\000U\000s\000e\000\040\000C\000a\000s\000e\000\040\000M\000o\000d\000e\000l}{chapter.15}% 30
\BOOKMARK [1][-]{section.39}{\376\377\000S\000u\000p\000p\000l\000e\000m\000e\000n\000t\000a\000r\000y\000\040\000R\000e\000q\000u\000i\000r\000e\000m\000e\000n\000t\000s}{chapter.15}% 31
\BOOKMARK [2][-]{subsection.40}{\376\377\000I\000n\000t\000r\000o\000d\000u\000c\000t\000i\000o\000n}{section.39}% 32
\BOOKMARK [3][-]{subsubsection.41}{\376\377\000P\000u\000r\000p\000o\000s\000e}{subsection.40}% 33
\BOOKMARK [2][-]{subsection.42}{\376\377\000F\000u\000n\000c\000t\000i\000o\000n\000a\000l\000i\000t\000y}{section.39}% 34
\BOOKMARK [2][-]{subsection.43}{\376\377\000U\000s\000a\000b\000i\000l\000i\000t\000y}{section.39}% 35
\BOOKMARK [2][-]{subsection.44}{\376\377\000R\000e\000l\000i\000a\000b\000i\000l\000i\000t\000y}{section.39}% 36
\BOOKMARK [2][-]{subsection.45}{\376\377\000P\000e\000r\000f\000o\000r\000m\000a\000n\000c\000e}{section.39}% 37
\BOOKMARK [2][-]{subsection.46}{\376\377\000S\000u\000p\000p\000o\000r\000t\000a\000b\000i\000l\000i\000t\000y}{section.39}% 38
\BOOKMARK [2][-]{subsection.47}{\376\377\000D\000e\000s\000i\000g\000n\000\040\000C\000o\000n\000s\000t\000r\000a\000i\000n\000t\000s}{section.39}% 39
\BOOKMARK [2][-]{subsection.48}{\376\377\000O\000n\000l\000i\000n\000e\000\040\000U\000s\000e\000r\000\040\000D\000o\000c\000u\000m\000e\000n\000t\000a\000t\000i\000o\000n\000\040\000a\000n\000d\000\040\000H\000e\000l\000p\000\040\000S\000y\000s\000t\000e\000m\000\040\000R\000e\000q\000u\000i\000r\000e\000m\000e\000n\000t\000s}{section.39}% 40
\BOOKMARK [2][-]{subsection.49}{\376\377\000P\000u\000r\000c\000h\000a\000s\000e\000d\000\040\000C\000o\000m\000p\000o\000n\000e\000n\000t\000s}{section.39}% 41
\BOOKMARK [2][-]{subsection.50}{\376\377\000I\000n\000t\000e\000r\000f\000a\000c\000e}{section.39}% 42
\BOOKMARK [2][-]{subsection.51}{\376\377\000L\000i\000c\000e\000n\000s\000i\000n\000g\000\040\000R\000e\000q\000u\000i\000r\000e\000m\000e\000n\000t\000s}{section.39}% 43
\BOOKMARK [2][-]{subsection.52}{\376\377\000L\000e\000g\000a\000l\000\040\000C\000o\000p\000y\000r\000i\000g\000h\000t\000\040\000a\000n\000d\000\040\000O\000t\000h\000e\000r\000\040\000N\000o\000t\000i\000c\000e\000s}{section.39}% 44
\BOOKMARK [2][-]{subsection.53}{\376\377\000A\000p\000p\000l\000i\000c\000a\000b\000l\000e\000\040\000S\000t\000a\000n\000d\000a\000r\000d\000s}{section.39}% 45
\BOOKMARK [1][-]{section.54}{\376\377\000I\000t\000e\000r\000a\000t\000i\000o\000n\000\040\000P\000l\000a\000n}{chapter.15}% 46
\BOOKMARK [0][-]{chapter.55}{\376\377\000E\000l\000a\000b\000o\000r\000a\000t\000i\000o\000n\000\040\000P\000t\000.\000\040\0001}{}% 47
\BOOKMARK [1][-]{section.56}{\376\377\000U\000s\000e\000\040\000C\000a\000s\000e\000s\000\040\000R\000e\000f\000i\000n\000e\000d}{chapter.55}% 48
\BOOKMARK [1][-]{section.60}{\376\377\000D\000o\000m\000a\000i\000n\000\040\000M\000o\000d\000e\000l}{chapter.55}% 49
\BOOKMARK [0][-]{chapter.61}{\376\377\000E\000l\000a\000b\000o\000r\000a\000t\000i\000o\000n\000\040\000P\000t\000.\0002\000\040\000a\000n\000d\000\040\000C\000o\000n\000s\000t\000r\000u\000c\000t\000i\000o\000n}{}% 50
\BOOKMARK [1][-]{section.62}{\376\377\000M\000a\000i\000n\000\040\000S\000e\000c\000t\000i\000o\000n\000\040\0001}{chapter.61}% 51
\BOOKMARK [2][-]{subsection.63}{\376\377\000S\000u\000b\000s\000e\000c\000t\000i\000o\000n\000\040\0001}{section.62}% 52
\BOOKMARK [2][-]{subsection.64}{\376\377\000S\000u\000b\000s\000e\000c\000t\000i\000o\000n\000\040\0002}{section.62}% 53
\BOOKMARK [1][-]{section.65}{\376\377\000M\000a\000i\000n\000\040\000S\000e\000c\000t\000i\000o\000n\000\040\0002}{chapter.61}% 54
\BOOKMARK [0][-]{appendix.66}{\376\377\000G\000e\000t\000t\000i\000n\000g\000\040\000S\000t\000a\000r\000t\000e\000d}{}% 55
\BOOKMARK [0][-]{appendix.67}{\376\377\000G\000l\000o\000s\000s\000a\000r\000y}{}% 56
\BOOKMARK [0][-]{appendix*.68}{\376\377\000B\000i\000b\000l\000i\000o\000g\000r\000a\000p\000h\000y}{}% 57
